<?xml version="1.0" encoding="UTF-8"?>
<!-- Generated by org.testng.reporters.JUnitReportReporter -->
<testsuite hostname="SeelaJabez" failures="0" tests="6" name="testNg_full_pack.NewTest2" time="0.043" errors="0" timestamp="2024-02-10T17:44:29 IST" skipped="0">
  <testcase classname="testNg_full_pack.NewTest2" name="six" time="0.017"/>
  <testcase classname="testNg_full_pack.NewTest2" name="one" time="0.007"/>
  <testcase classname="testNg_full_pack.NewTest2" name="two" time="0.005"/>
  <testcase classname="testNg_full_pack.NewTest2" name="three" time="0.005"/>
  <testcase classname="testNg_full_pack.NewTest2" name="four" time="0.005"/>
  <testcase classname="testNg_full_pack.NewTest2" name="five" time="0.004"/>
</testsuite> <!-- testNg_full_pack.NewTest2 -->
