<?xml version="1.0" encoding="UTF-8"?>
<!-- Generated by org.testng.reporters.JUnitReportReporter -->
<testsuite hostname="SeelaJabez" failures="0" tests="1" name="testNg_full_pack.NewTest" time="0.006" errors="0" timestamp="2024-02-10T17:12:08 IST" skipped="0">
  <testcase classname="testNg_full_pack.NewTest" name="f" time="0.006"/>
</testsuite> <!-- testNg_full_pack.NewTest -->
